<?xml version="1.0" encoding="UTF-8" ?>
<testsuite errors="0" failures="0" hostname="AMIT-COLLEGE" name="assignment5.SortUtilTest" skipped="0" tests="5" time="0.083" timestamp="2016-06-28T14:38:05">
  <properties>
    <property name="java.vendor" value="Oracle Corporation" />
    <property name="env.USERDOMAIN_ROAMINGPROFILE" value="AMIT-COLLEGE" />
    <property name="sun.java.launcher" value="SUN_STANDARD" />
    <property name="sun.management.compiler" value="HotSpot 64-Bit Tiered Compilers" />
    <property name="env.PROMPT" value="$P$G" />
    <property name="os.name" value="Windows 10" />
    <property name="sun.boot.class.path" value="C:\Program Files\Java\jdk1.8.0_74\jre\lib\resources.jar;C:\Program Files\Java\jdk1.8.0_74\jre\lib\rt.jar;C:\Program Files\Java\jdk1.8.0_74\jre\lib\sunrsasign.jar;C:\Program Files\Java\jdk1.8.0_74\jre\lib\jsse.jar;C:\Program Files\Java\jdk1.8.0_74\jre\lib\jce.jar;C:\Program Files\Java\jdk1.8.0_74\jre\lib\charsets.jar;C:\Program Files\Java\jdk1.8.0_74\jre\lib\jfr.jar;C:\Program Files\Java\jdk1.8.0_74\jre\classes" />
    <property name="env.COMPUTERNAME" value="AMIT-COLLEGE" />
    <property name="env.CommonProgramW6432" value="C:\Program Files\Common Files" />
    <property name="env.ALLUSERSPROFILE" value="C:\ProgramData" />
    <property name="sun.desktop" value="windows" />
    <property name="java.vm.specification.vendor" value="Oracle Corporation" />
    <property name="ant.home" value="C:\eclipse\plugins\org.apache.ant_1.9.4.v201504302020" />
    <property name="java.runtime.version" value="1.8.0_74-b02" />
    <property name="env.HOMEPATH" value="\Users\Amit Athani" />
    <property name="env.VSSDK140Install" value="C:\Program Files (x86)\Microsoft Visual Studio 14.0\VSSDK\" />
    <property name="user.name" value="Amit Athani" />
    <property name="ant.file.TestTravisCI" value="C:\Users\Amit Athani\workspace\TestTravisCI\build.xml" />
    <property name="ant.file.type.TestTravisCI" value="file" />
    <property name="user.language" value="en" />
    <property name="sun.boot.library.path" value="C:\Program Files\Java\jdk1.8.0_74\jre\bin" />
    <property name="ant.project.default-target" value="build" />
    <property name="ant.project.name" value="TestTravisCI" />
    <property name="java.version" value="1.8.0_74" />
    <property name="env.PROCESSOR_IDENTIFIER" value="Intel64 Family 6 Model 60 Stepping 3, GenuineIntel" />
    <property name="user.timezone" value="" />
    <property name="env.TEMP" value="C:\Users\AMITAT~1\AppData\Local\Temp" />
    <property name="sun.arch.data.model" value="64" />
    <property name="java.endorsed.dirs" value="C:\Program Files\Java\jdk1.8.0_74\jre\lib\endorsed" />
    <property name="sun.cpu.isalist" value="amd64" />
    <property name="env.HOMEDRIVE" value="C:" />
    <property name="sun.jnu.encoding" value="Cp1252" />
    <property name="file.encoding.pkg" value="sun.io" />
    <property name="file.separator" value="\" />
    <property name="java.specification.name" value="Java Platform API Specification" />
    <property name="java.class.version" value="52.0" />
    <property name="user.country" value="US" />
    <property name="java.home" value="C:\Program Files\Java\jdk1.8.0_74\jre" />
    <property name="env.PSModulePath" value="C:\Program Files\WindowsPowerShell\Modules;C:\WINDOWS\system32\WindowsPowerShell\v1.0\Modules" />
    <property name="env.APPDATA" value="C:\Users\Amit Athani\AppData\Roaming" />
    <property name="env.PUBLIC" value="C:\Users\Public" />
    <property name="java.vm.info" value="mixed mode" />
    <property name="env.ComSpec" value="C:\WINDOWS\system32\cmd.exe" />
    <property name="env.OS" value="Windows_NT" />
    <property name="env.CommonProgramFiles" value="C:\Program Files\Common Files" />
    <property name="ant.file" value="C:\Users\Amit Athani\workspace\TestTravisCI\build.xml" />
    <property name="os.version" value="10.0" />
    <property name="env.ProgramW6432" value="C:\Program Files" />
    <property name="path.separator" value=";" />
    <property name="java.vm.version" value="25.74-b02" />
    <property name="env.USERPROFILE" value="C:\Users\Amit Athani" />
    <property name="user.variant" value="" />
    <property name="ant.library.dir" value="C:\eclipse\plugins\org.apache.ant_1.9.4.v201504302020\lib" />
    <property name="junit.output.dir" value="junit" />
    <property name="java.awt.printerjob" value="sun.awt.windows.WPrinterJob" />
    <property name="env.TMP" value="C:\Users\AMITAT~1\AppData\Local\Temp" />
    <property name="sun.io.unicode.encoding" value="UnicodeLittle" />
    <property name="awt.toolkit" value="sun.awt.windows.WToolkit" />
    <property name="user.script" value="" />
    <property name="user.home" value="C:\Users\Amit Athani" />
    <property name="target" value="1.8" />
    <property name="env.ProgramData" value="C:\ProgramData" />
    <property name="env.VS140COMNTOOLS" value="C:\Program Files (x86)\Microsoft Visual Studio 14.0\Common7\Tools\" />
    <property name="env.SESSIONNAME" value="Console" />
    <property name="env.ProgramFiles(x86)" value="C:\Program Files (x86)" />
    <property name="java.specification.vendor" value="Oracle Corporation" />
    <property name="env.NUMBER_OF_PROCESSORS" value="8" />
    <property name="java.library.path" value="C:\Program Files\Java\jdk1.8.0_74\jre\bin;C:\WINDOWS\Sun\Java\bin;C:\WINDOWS\system32;C:\WINDOWS;C:/Program Files/Java/jre1.8.0_91/bin/server;C:/Program Files/Java/jre1.8.0_91/bin;C:/Program Files/Java/jre1.8.0_91/lib/amd64;C:\ProgramData\Oracle\Java\javapath;C:\WINDOWS\system32;C:\WINDOWS;C:\WINDOWS\System32\Wbem;C:\WINDOWS\System32\WindowsPowerShell\v1.0\;C:\Program Files (x86)\NVIDIA Corporation\PhysX\Common;C:\Program Files (x86)\Skype\Phone\;C:\WINDOWS\system32\config\systemprofile\.dnx\bin;C:\Program Files\Microsoft DNX\Dnvm\;C:\Program Files\Microsoft SQL Server\120\Tools\Binn\;C:\Program Files\Java\jdk1.8.0_74\bin;C:\Program Files (x86)\Windows Kits\8.1\Windows Performance Toolkit\;C:\Program Files\Microsoft SQL Server\130\Tools\Binn\;C:\Program Files\Git\cmd;C:\Program Files (x86)\Calibre2\;C:\eclipse;;." />
    <property name="java.vendor.url" value="http://java.oracle.com/" />
    <property name="java.vm.vendor" value="Oracle Corporation" />
    <property name="java.runtime.name" value="Java(TM) SE Runtime Environment" />
    <property name="ant.version" value="Apache Ant(TM) version 1.9.4 compiled on April 29 2014" />
    <property name="java.class.path" value="C:\Users\Amit Athani\workspace\TestTravisCI\bin;C:\Users\Amit Athani\workspace\TestTravisCI\lib\junit-4.12.jar;C:\Users\Amit Athani\workspace\TestTravisCI\lib\hamcrest-core-1.3.jar;C:\eclipse\plugins\org.apache.ant_1.9.4.v201504302020\lib\ant-launcher.jar;C:\eclipse\plugins\org.apache.ant_1.9.4.v201504302020\lib\ant.jar;C:\eclipse\plugins\org.apache.ant_1.9.4.v201504302020\lib\ant-junit.jar;C:\eclipse\plugins\org.apache.ant_1.9.4.v201504302020\lib\ant-junit4.jar" />
    <property name="sun.java.command" value="org.apache.tools.ant.taskdefs.optional.junit.JUnitTestRunner assignment5.SortUtilTest skipNonTests=false filtertrace=true haltOnError=false haltOnFailure=false formatter=org.apache.tools.ant.taskdefs.optional.junit.OutErrSummaryJUnitResultFormatter showoutput=false outputtoformatters=true logfailedtests=true threadid=0 logtestlistenerevents=false formatter=org.apache.tools.ant.taskdefs.optional.junit.XMLJUnitResultFormatter,C:\Users\Amit Athani\workspace\TestTravisCI\junit\TEST-assignment5.SortUtilTest.xml crashfile=C:\Users\Amit Athani\workspace\TestTravisCI\junitvmwatcher3327183627574454149.properties propsfile=C:\Users\Amit Athani\workspace\TestTravisCI\junit8229354261260809003.properties" />
    <property name="java.vm.specification.name" value="Java Virtual Machine Specification" />
    <property name="env.LOGONSERVER" value="\\MicrosoftAccount" />
    <property name="env.windir" value="C:\WINDOWS" />
    <property name="env.PROCESSOR_ARCHITECTURE" value="AMD64" />
    <property name="java.vm.specification.version" value="1.8" />
    <property name="sun.cpu.endian" value="little" />
    <property name="sun.os.patch.level" value="" />
    <property name="debuglevel" value="source,lines,vars" />
    <property name="env.ANT_HOME" value="C:\eclipse\plugins\org.apache.ant_1.9.4.v201504302020" />
    <property name="env.ProgramFiles" value="C:\Program Files" />
    <property name="java.io.tmpdir" value="C:\Users\AMITAT~1\AppData\Local\Temp\" />
    <property name="env.PROCESSOR_REVISION" value="3c03" />
    <property name="env.CommonProgramFiles(x86)" value="C:\Program Files (x86)\Common Files" />
    <property name="java.vendor.url.bug" value="http://bugreport.sun.com/bugreport/" />
    <property name="env.SystemRoot" value="C:\WINDOWS" />
    <property name="os.arch" value="amd64" />
    <property name="java.awt.graphicsenv" value="sun.awt.Win32GraphicsEnvironment" />
    <property name="java.ext.dirs" value="C:\Program Files\Java\jdk1.8.0_74\jre\lib\ext;C:\WINDOWS\Sun\Java\lib\ext" />
    <property name="env.LOCALAPPDATA" value="C:\Users\Amit Athani\AppData\Local" />
    <property name="user.dir" value="C:\Users\Amit Athani\workspace\TestTravisCI" />
    <property name="line.separator" value="&#xd;&#xa;" />
    <property name="java.vm.name" value="Java HotSpot(TM) 64-Bit Server VM" />
    <property name="env.PATHEXT" value=".COM;.EXE;.BAT;.CMD;.VBS;.VBE;.JS;.JSE;.WSF;.WSH;.MSC" />
    <property name="env.Path" value="C:/Program Files/Java/jre1.8.0_91/bin/server;C:/Program Files/Java/jre1.8.0_91/bin;C:/Program Files/Java/jre1.8.0_91/lib/amd64;C:\ProgramData\Oracle\Java\javapath;C:\WINDOWS\system32;C:\WINDOWS;C:\WINDOWS\System32\Wbem;C:\WINDOWS\System32\WindowsPowerShell\v1.0\;C:\Program Files (x86)\NVIDIA Corporation\PhysX\Common;C:\Program Files (x86)\Skype\Phone\;C:\WINDOWS\system32\config\systemprofile\.dnx\bin;C:\Program Files\Microsoft DNX\Dnvm\;C:\Program Files\Microsoft SQL Server\120\Tools\Binn\;C:\Program Files\Java\jdk1.8.0_74\bin;C:\Program Files (x86)\Windows Kits\8.1\Windows Performance Toolkit\;C:\Program Files\Microsoft SQL Server\130\Tools\Binn\;C:\Program Files\Git\cmd;C:\Program Files (x86)\Calibre2\;C:\eclipse;" />
    <property name="basedir" value="C:\Users\Amit Athani\workspace\TestTravisCI" />
    <property name="ant.java.version" value="1.8" />
    <property name="ant.core.lib" value="C:\eclipse\plugins\org.apache.ant_1.9.4.v201504302020\lib\ant.jar" />
    <property name="env.USERNAME" value="Amit Athani" />
    <property name="source" value="1.8" />
    <property name="env.SystemDrive" value="C:" />
    <property name="file.encoding" value="Cp1252" />
    <property name="env.USERDOMAIN" value="AMIT-COLLEGE" />
    <property name="java.specification.version" value="1.8" />
    <property name="ant.project.invoked-targets" value="build,SortUtilTest,UnitTests,build-project" />
    <property name="env.PROCESSOR_LEVEL" value="6" />
  </properties>
  <testcase classname="assignment5.SortUtilTest" name="testMergesort" time="0.003" />
  <testcase classname="assignment5.SortUtilTest" name="testMergesort2" time="0.001" />
  <testcase classname="assignment5.SortUtilTest" name="testinsertionsort" time="0.0" />
  <testcase classname="assignment5.SortUtilTest" name="testFindPivot" time="0.0" />
  <testcase classname="assignment5.SortUtilTest" name="testQuicksort" time="0.002" />
  <system-out><![CDATA[begjkmuwxz printed Mergesort 
12345678910111213141516 printed Mergesort 
begjkmuwxz printed Insertionsort 
length of list 11
begjkmuwxz printed Quicksort 
abccdeef printed Quicksort 
]]></system-out>
  <system-err><![CDATA[]]></system-err>
</testsuite>
